{'Si': array([0]), 'V': array([1])}
[0.32, 0.516, 0.164]
1.0
{'Si': array([1]), 'V': array([1])}
[0.31932, 0.520516, 0.16116399999999997]
1.001
{'Si': array([2]), 'V': array([1])}
[0.30531932, 0.517520516, 0.17816116399999998]
1.001001
{'Si': array([0]), 'V': array([2])}
[0.319, 0.512, 0.169]
1.0
{'Si': array([1]), 'V': array([2])}
[0.322319, 0.502512, 0.176169]
1.001
{'Si': array([2]), 'V': array([2])}
[0.32432231899999997, 0.5095025120000001, 0.167176169]
1.001001
{'Si': array([0]), 'V': array([3])}
[0.328, 0.505, 0.167]
1.0
{'Si': array([1]), 'V': array([3])}
[0.316328, 0.528505, 0.156167]
1.001
{'Si': array([2]), 'V': array([3])}
[0.330316328, 0.510528505, 0.160156167]
1.001001
{'Si': array([0]), 'V': array([4])}
[0.303, 0.538, 0.159]
1.0
{'Si': array([1]), 'V': array([4])}
[0.305303, 0.519538, 0.17615899999999998]
1.0010000000000001
{'Si': array([2]), 'V': array([4])}
[0.329305303, 0.510519538, 0.16117615899999999]
1.001001
